[[32m  OK  [0m] Started Show Plymouth Boot Screen.
[[32m  OK  [0m] Started Forward Password Requests to Plymouth Directory Watch.
[[32m  OK  [0m] Reached target Paths.
[[32m  OK  [0m] Reached target Basic System.
%G%G[[32m  OK  [0m] Found device VBOX_HARDDISK 3.
         Starting File System Check on /dev/disk/by-uuid/0d5851af-702b-448a-bbfa-6a361f879e66...
[[32m  OK  [0m] Started File System Check on /dev/disk/by-uuid/0d5851af-702b-448a-bbfa-6a361f879e66.
[[32m  OK  [0m] Started dracut initqueue hook.
         Mounting /sysroot...
[[32m  OK  [0m] Reached target Remote File Systems (Pre).
[[32m  OK  [0m] Reached target Remote File Systems.
[[32m  OK  [0m] Mounted /sysroot.
[[32m  OK  [0m] Reached target Initrd Root File System.
         Starting Reload Configuration from the Real Root...
[[32m  OK  [0m] Started Reload Configuration from the Real Root.
[[32m  OK  [0m] Reached target Initrd File Systems.
[[32m  OK  [0m] Reached target Initrd Default Target.
         Starting dracut pre-pivot and cleanup hook...
[[32m  OK  [0m] Started dracut pre-pivot and cleanup hook.
         Starting Cleaning Up and Shutting Down Daemons...
         Starting Plymouth switch root service...
[[32m  OK  [0m] Stopped target Timers.
[[32m  OK  [0m] Stopped dracut pre-pivot and cleanup hook.
[[32m  OK  [0m] Stopped target Initrd Default Target.
[[32m  OK  [0m] Stopped target Basic System.
[[32m  OK  [0m] Stopped target Slices.
[[32m  OK  [0m] Stopped target Sockets.
[[32m  OK  [0m] Stopped target Paths.
[[32m  OK  [0m] Stopped target Remote File Systems.
[[32m  OK  [0m] Stopped target Remote File Systems (Pre).
[[32m  OK  [0m] Stopped dracut initqueue hook.
[[32m  OK  [0m] Stopped target System Initialization.
[[32m  OK  [0m] Stopped target Local File Systems.
[[32m  OK  [0m] Stopped Apply Kernel Variables.
[[32m  OK  [0m] Stopped target Swap.
         Stopping udev Kernel Device Manager...
[[32m  OK  [0m] Stopped udev Coldplug all Devices.
[[32m  OK  [0m] Stopped udev Kernel Device Manager.
[[32m  OK  [0m] Stopped dracut pre-udev hook.
[[32m  OK  [0m] Stopped dracut cmdline hook.
[[32m  OK  [0m] Stopped Create Static Device Nodes in /dev.
[[32m  OK  [0m] Stopped Create list of required static device nodes for the current kernel.
[[32m  OK  [0m] Closed udev Control Socket.
[[32m  OK  [0m] Closed udev Kernel Socket.
         Starting Cleanup udevd DB...
[[32m  OK  [0m] Started Cleaning Up and Shutting Down Daemons.
[[32m  OK  [0m] Started Cleanup udevd DB.
[[32m  OK  [0m] Reached target Switch Root.
[[32m  OK  [0m] Started Plymouth switch root service.
         Starting Switch Root...

Welcome to [0;31mIssabel 4[0m!

[[32m  OK  [0m] Stopped Switch Root.
[[32m  OK  [0m] Stopped Journal Service.
         Starting Journal Service...
[[32m  OK  [0m] Started Forward Password Requests to Wall Directory Watch.
[[32m  OK  [0m] Created slice system-getty.slice.
[[32m  OK  [0m] Listening on udev Control Socket.
         Mounting Huge Pages File System...
         Starting Read and set NIS domainname from /etc/sysconfig/network...
[[32m  OK  [0m] Listening on /dev/initctl Compatibility Named Pipe.
[[32m  OK  [0m] Listening on LVM2 metadata daemon socket.
[[32m  OK  [0m] Listening on LVM2 poll daemon socket.
[[32m  OK  [0m] Created slice User and Session Slice.
[[32m  OK  [0m] Listening on udev Kernel Socket.
[[32m  OK  [0m] Created slice system-selinux\x2dpolicy\x2dmigrate\x2dlocal\x2dchanges.slice.
[[32m  OK  [0m] Listening on Device-mapper event daemon FIFOs.
[[32m  OK  [0m] Listening on Delayed Shutdown Socket.
[[32m  OK  [0m] Reached target Remote File Systems.
         Starting Remount Root and Kernel File Systems...
[[32m  OK  [0m] Set up automount Arbitrary Executable File Formats File System Automount Point.
[[32m  OK  [0m] Reached target Slices.
[[32m  OK  [0m] Stopped target Switch Root.
[[32m  OK  [0m] Stopped target Initrd Root File System.
[[32m  OK  [0m] Created slice system-systemd\x2dfsck.slice.
         Starting Monitoring of LVM2 mirrors, snapshots etc. using dmeventd or progress polling...
[[32m  OK  [0m] Stopped target Initrd File Systems.
         Starting Create list of required static device nodes for the current kernel...
         Mounting Debug File System...
[[32m  OK  [0m] Reached target Paths.
         Mounting POSIX Message Queue File System...
         Starting Apply Kernel Variables...
[[32m  OK  [0m] Started Create list of required static device nodes for the current kernel.
         Starting Create Static Device Nodes in /dev...
[[32m  OK  [0m] Mounted Huge Pages File System.
[[32m  OK  [0m] Mounted Debug File System.
[[32m  OK  [0m] Mounted POSIX Message Queue File System.
[[32m  OK  [0m] Started Remount Root and Kernel File Systems.
[[32m  OK  [0m] Started Read and set NIS domainname from /etc/sysconfig/network.
[[32m  OK  [0m] Started Apply Kernel Variables.
[[32m  OK  [0m] Started Journal Service.
         Starting Configure read-only root support...
         Starting udev Coldplug all Devices...
         Starting Flush Journal to Persistent Storage...
[[32m  OK  [0m] Started LVM2 metadata daemon.
[[32m  OK  [0m] Started Flush Journal to Persistent Storage.
[[32m  OK  [0m] Started Create Static Device Nodes in /dev.
         Starting udev Kernel Device Manager...
[[32m  OK  [0m] Started udev Coldplug all Devices.
         Starting udev Wait for Complete Device Initialization...
[[32m  OK  [0m] Started Configure read-only root support.
         Starting Load/Save Random Seed...
[[32m  OK  [0m] Started Load/Save Random Seed.
[[32m  OK  [0m] Started udev Kernel Device Manager.
[[32m  OK  [0m] Found device VBOX_HARDDISK 2.
         Activating swap /dev/disk/by-uuid/87ac1411-239b-438e-ab03-5b6cc4778cbd...
[[32m  OK  [0m] Activated swap /dev/disk/by-uuid/87ac1411-239b-438e-ab03-5b6cc4778cbd.
[[32m  OK  [0m] Reached target Swap.
[[32m  OK  [0m] Found device VBOX_HARDDISK 1.
%G%G[[32m  OK  [0m] Started Monitoring of LVM2 mirrors, snapshots etc. using dmeventd or progress polling.
[[32m  OK  [0m] Reached target Local File Systems (Pre).
         Starting File System Check on /dev/disk/by-uuid/670a1af8-ca29-4cc7-ae4e-8f93ce836c75...
[    2.725182] systemd-fsck[439]: /dev/sda1: recovering journal
[    2.732707] systemd-fsck[439]: /dev/sda1: clean, 351/76912 files, 136604/307200 blocks
[[32m  OK  [0m] Started File System Check on /dev/disk/by-uuid/670a1af8-ca29-4cc7-ae4e-8f93ce836c75.
         Mounting /boot...
[[32m  OK  [0m] Mounted /boot.
[[32m  OK  [0m] Reached target Sound Card.
[[32m  OK  [0m] Started udev Wait for Complete Device Initialization.
         Starting Activation of DM RAID sets...
[[32m  OK  [0m] Started Activation of DM RAID sets.
[[32m  OK  [0m] Reached target Local Encrypted Volumes.
[[32m  OK  [0m] Reached target Local File Systems.
         Starting Import network configuration from initramfs...
         Starting Tell Plymouth To Write Out Runtime Data...
[[32m  OK  [0m] Started Tell Plymouth To Write Out Runtime Data.
[[32m  OK  [0m] Started Import network configuration from initramfs.
         Starting Create Volatile Files and Directories...
[[32m  OK  [0m] Started Create Volatile Files and Directories.
         Starting Security Auditing Service...
[[32m  OK  [0m] Started Security Auditing Service.
         Starting Update UTMP about System Boot/Shutdown...
[[32m  OK  [0m] Started Update UTMP about System Boot/Shutdown.
[[32m  OK  [0m] Reached target System Initialization.
[[32m  OK  [0m] Listening on D-Bus System Message Bus Socket.
[[32m  OK  [0m] Listening on Avahi mDNS/DNS-SD Stack Activation Socket.
[[32m  OK  [0m] Reached target Sockets.
[[32m  OK  [0m] Started Daily Cleanup of Temporary Directories.
[[32m  OK  [0m] Reached target Timers.
[[32m  OK  [0m] Reached target Basic System.
         Starting IP sets for iptables...
[[32m  OK  [0m] Started irqbalance daemon.
[[32m  OK  [0m] Started D-Bus System Message Bus.
         Starting Permit User Sessions...
         Starting SASL authentication daemon....
         Starting Network Manager...
         Starting Authorization Manager...
         Starting Dump dmesg to /var/log/dmesg...
         Starting Login Service...
         Starting Avahi mDNS/DNS-SD Stack...
[[32m  OK  [0m] Started Permit User Sessions.
[[32m  OK  [0m] Started Job spooling tools.
[[32m  OK  [0m] Started Login Service.
[[32m  OK  [0m] Started Avahi mDNS/DNS-SD Stack.
[[32m  OK  [0m] Started Dump dmesg to /var/log/dmesg.
[[32m  OK  [0m] Started IP sets for iptables.
[[32m  OK  [0m] Started SASL authentication daemon..
[[32m  OK  [0m] Started Network Manager.
         Starting Network Manager Wait Online...
         Starting Hostname Service...
[[32m  OK  [0m] Started Authorization Manager.
[[32m  OK  [0m] Started Hostname Service.
         Starting Network Manager Script Dispatcher Service...
[[32m  OK  [0m] Started Network Manager Script Dispatcher Service.
[[32m  OK  [0m] Started Network Manager Wait Online.
         Starting LSB: Bring up/down networking...
[[32m  OK  [0m] Started LSB: Bring up/down networking.
[[32m  OK  [0m] Reached target Network.
         Starting Xinetd A Powerful Replacement For Inetd...
         Starting Cyrus-imapd IMAP/POP3 email server...
         Starting Postfix Mail Transport Agent...
         Starting MariaDB database server...
         Starting Fix Ghostscript Fonts...
         Starting Dynamic System Tuning Daemon...
[[32m  OK  [0m] Started Web Console.
         Starting /etc/rc.d/rc.local Compatibility...
[[32m  OK  [0m] Reached target Network is Online.
         Starting LSB: DAHDI kernel modules...
         Starting System Logging Service...
         Starting Set time via NTP...
         Starting The Apache HTTP Server...
         Starting OpenSSH server daemon...
[[32m  OK  [0m] Started Xinetd A Powerful Replacement For Inetd.
[[1;31mFAILED[0m] Failed to start Fix Ghostscript Fonts.
See 'systemctl status fixfonts.service' for details.
[[32m  OK  [0m] Started System Logging Service.
[[32m  OK  [0m] Created slice User Slice of cyrus.
[[32m  OK  [0m] Started Session c1 of user cyrus.
[[32m  OK  [0m] Started OpenSSH server daemon.
[[32m  OK  [0m] Started /etc/rc.d/rc.local Compatibility.
         Starting Terminate Plymouth Boot Screen...
         Starting Wait for Plymouth Boot Screen to Quit...
Oct 27 00:13:36 issabel NET[2606]: /usr/sbin/dhclient-script : updated /etc/resolv.conf
