[    30.389] (WW) Failed to open protocol names file /usr/lib64/xorg/protocol.txt
[    30.390] 
X.Org X Server 1.20.4
X Protocol Version 11, Revision 0
[    30.390] Build Operating System:  3.10.0-957.1.3.el7.x86_64 
[    30.390] Current Operating System: Linux issabel.local 3.10.0-1160.el7.x86_64 #1 SMP Mon Oct 19 16:18:59 UTC 2020 x86_64
[    30.390] Kernel command line: initrd=initrd.img inst.stage2=hd:LABEL=Issabel\x204\x20x86_64 inst.geoloc=provider_fedora_geoip inst.geoloc-use-with-ks inst.ks=hd:LABEL=Issabel\x204\x20x86_64:/ks/issabel.ks net.ifnames=0 quiet BOOT_IMAGE=vmlinuz 
[    30.390] Build Date: 01 April 2020  05:04:29AM
[    30.390] Build ID: xorg-x11-server 1.20.4-10.el7 
[    30.390] Current version of pixman: 0.34.0
[    30.390] 	Before reporting problems, check http://wiki.x.org
	to make sure that you have the latest version.
[    30.390] Markers: (--) probed, (**) from config file, (==) default setting,
	(++) from command line, (!!) notice, (II) informational,
	(WW) warning, (EE) error, (NI) not implemented, (??) unknown.
[    30.390] (++) Log file: "/tmp/X.log", Time: Thu Jun 16 07:33:39 2022
[    30.396] (==) Using config directory: "/etc/X11/xorg.conf.d"
[    30.396] (==) Using system config directory "/usr/share/X11/xorg.conf.d"
[    30.441] (==) No Layout section.  Using the first Screen section.
[    30.441] (==) No screen section available. Using defaults.
[    30.441] (**) |-->Screen "Default Screen Section" (0)
[    30.441] (**) |   |-->Monitor "<default monitor>"
[    30.441] (==) No monitor specified for screen "Default Screen Section".
	Using a default monitor configuration.
[    30.441] (==) Automatically adding devices
[    30.441] (==) Automatically enabling devices
[    30.441] (==) Automatically adding GPU devices
[    30.441] (==) Automatically binding GPU devices
[    30.441] (==) Max clients allowed: 256, resource mask: 0x1fffff
[    30.441] (==) FontPath set to:
	catalogue:/etc/X11/fontpath.d,
	built-ins
[    30.441] (==) ModulePath set to "/usr/lib64/xorg/modules"
[    30.441] (II) The server relies on udev to provide the list of input devices.
	If no devices become available, reconfigure udev or disable AutoAddDevices.
[    30.441] (II) Loader magic: 0x555a17d5a020
[    30.441] (II) Module ABI versions:
[    30.441] 	X.Org ANSI C Emulation: 0.4
[    30.441] 	X.Org Video Driver: 24.0
[    30.441] 	X.Org XInput driver : 24.1
[    30.441] 	X.Org Server Extension : 10.0
[    30.442] (II) xfree86: Adding drm device (/dev/dri/card0)
[    30.442] (II) Platform probe for /sys/devices/pci0000:00/0000:00:02.0/drm/card0
[    30.451] (--) PCI:*(0@0:2:0) 15ad:0405:15ad:0405 rev 0, Mem @ 0xe0000000/16777216, 0xf0000000/2097152, I/O @ 0x0000d010/16, BIOS @ 0x????????/131072
[    30.451] (II) LoadModule: "glx"
[    30.452] (II) Loading /usr/lib64/xorg/modules/extensions/libglx.so
[    30.637] (II) Module glx: vendor="X.Org Foundation"
[    30.637] 	compiled for 1.20.4, module version = 1.0.0
[    30.637] 	ABI class: X.Org Server Extension, version 10.0
[    30.637] (==) Matched vmware as autoconfigured driver 0
[    30.637] (==) Matched modesetting as autoconfigured driver 1
[    30.637] (==) Matched fbdev as autoconfigured driver 2
[    30.637] (==) Matched vesa as autoconfigured driver 3
[    30.637] (==) Assigned the driver to the xf86ConfigLayout
[    30.637] (II) LoadModule: "vmware"
[    30.637] (II) Loading /usr/lib64/xorg/modules/drivers/vmware_drv.so
[    31.884] (II) Module vmware: vendor="X.Org Foundation"
[    31.884] 	compiled for 1.20.1, module version = 13.2.1
[    31.884] 	Module class: X.Org Video Driver
[    31.884] 	ABI class: X.Org Video Driver, version 24.0
[    31.884] (II) LoadModule: "modesetting"
[    31.885] (II) Loading /usr/lib64/xorg/modules/drivers/modesetting_drv.so
[    31.951] (II) Module modesetting: vendor="X.Org Foundation"
[    31.951] 	compiled for 1.20.4, module version = 1.20.4
[    31.951] 	Module class: X.Org Video Driver
[    31.951] 	ABI class: X.Org Video Driver, version 24.0
[    31.951] (II) LoadModule: "fbdev"
[    31.951] (II) Loading /usr/lib64/xorg/modules/drivers/fbdev_drv.so
[    31.951] (II) Module fbdev: vendor="X.Org Foundation"
[    31.951] 	compiled for 1.20.1, module version = 0.5.0
[    31.951] 	Module class: X.Org Video Driver
[    31.951] 	ABI class: X.Org Video Driver, version 24.0
[    31.951] (II) LoadModule: "vesa"
[    31.951] (II) Loading /usr/lib64/xorg/modules/drivers/vesa_drv.so
[    31.951] (II) Module vesa: vendor="X.Org Foundation"
[    31.951] 	compiled for 1.20.1, module version = 2.4.0
[    31.951] 	Module class: X.Org Video Driver
[    31.951] 	ABI class: X.Org Video Driver, version 24.0
[    31.951] (II) vmware: driver for VMware SVGA: vmware0405, vmware0710
[    31.951] (II) modesetting: Driver for Modesetting Kernel Drivers: kms
[    31.951] (II) FBDEV: driver for framebuffer: fbdev
[    31.951] (II) VESA: driver for VESA chipsets: vesa
[    31.951] (++) using VT number 6

[    31.954] (WW) Falling back to old probe method for modesetting
[    31.956] (WW) Falling back to old probe method for fbdev
[    31.956] (II) Loading sub module "fbdevhw"
[    31.956] (II) LoadModule: "fbdevhw"
[    31.956] (II) Loading /usr/lib64/xorg/modules/libfbdevhw.so
[    31.957] (II) Module fbdevhw: vendor="X.Org Foundation"
[    31.957] 	compiled for 1.20.4, module version = 0.0.2
[    31.957] 	ABI class: X.Org Video Driver, version 24.0
[    31.957] (II) vmware(0): Creating default Display subsection in Screen section
	"Default Screen Section" for depth/fbbpp 24/32
[    31.960] (--) vmware(0): DRM driver version is 2.15.0
[    31.960] (==) vmware(0): Depth 24, (--) framebuffer bpp 32
[    31.960] (==) vmware(0): RGB weight 888
[    31.960] (==) vmware(0): Default visual is TrueColor
[    31.960] (--) vmware(0): Min width 1, Max Width 8192.
[    31.960] (--) vmware(0): Min height 1, Max Height 8192.
[    31.960] (II) vmware(0): Output Virtual1 has no monitor section
[    31.960] (II) vmware(0): Output Virtual2 has no monitor section
[    31.960] (II) vmware(0): Output Virtual3 has no monitor section
[    31.960] (II) vmware(0): Output Virtual4 has no monitor section
[    31.960] (II) vmware(0): Output Virtual5 has no monitor section
[    31.960] (II) vmware(0): Output Virtual6 has no monitor section
[    31.960] (II) vmware(0): Output Virtual7 has no monitor section
[    31.960] (II) vmware(0): Output Virtual8 has no monitor section
[    31.960] (II) vmware(0): Printing probed modes for output Virtual1
[    31.960] (II) vmware(0): Modeline "800x600"x60.0   42.75  800 850 900 950  600 650 700 750 -hsync +vsync (45.0 kHz eP)
[    31.960] (II) vmware(0): Modeline "2560x1600"x60.0  348.50  2560 2752 3032 3504  1600 1603 1609 1658 -hsync +vsync (99.5 kHz e)
[    31.960] (II) vmware(0): Modeline "1920x1440"x60.0  234.00  1920 2048 2256 2600  1440 1441 1444 1500 -hsync +vsync (90.0 kHz e)
[    31.960] (II) vmware(0): Modeline "1856x1392"x60.0  218.25  1856 1952 2176 2528  1392 1393 1396 1439 -hsync +vsync (86.3 kHz e)
[    31.960] (II) vmware(0): Modeline "1792x1344"x60.0  204.75  1792 1920 2120 2448  1344 1345 1348 1394 -hsync +vsync (83.6 kHz e)
[    31.960] (II) vmware(0): Modeline "1920x1200"x59.9  193.25  1920 2056 2256 2592  1200 1203 1209 1245 -hsync +vsync (74.6 kHz e)
[    31.960] (II) vmware(0): Modeline "1600x1200"x60.0  162.00  1600 1664 1856 2160  1200 1201 1204 1250 +hsync +vsync (75.0 kHz e)
[    31.960] (II) vmware(0): Modeline "1680x1050"x60.0  146.25  1680 1784 1960 2240  1050 1053 1059 1089 -hsync +vsync (65.3 kHz e)
[    31.960] (II) vmware(0): Modeline "1400x1050"x60.0  121.75  1400 1488 1632 1864  1050 1053 1057 1089 -hsync +vsync (65.3 kHz e)
[    31.960] (II) vmware(0): Modeline "1280x1024"x60.0  108.00  1280 1328 1440 1688  1024 1025 1028 1066 +hsync +vsync (64.0 kHz e)
[    31.960] (II) vmware(0): Modeline "1440x900"x59.9  106.50  1440 1520 1672 1904  900 903 909 934 -hsync +vsync (55.9 kHz e)
[    31.960] (II) vmware(0): Modeline "1280x960"x60.0  108.00  1280 1376 1488 1800  960 961 964 1000 +hsync +vsync (60.0 kHz e)
[    31.960] (II) vmware(0): Modeline "1360x768"x60.0   85.50  1360 1424 1536 1792  768 771 777 795 +hsync +vsync (47.7 kHz e)
[    31.960] (II) vmware(0): Modeline "1280x800"x59.8   83.50  1280 1352 1480 1680  800 803 809 831 +hsync -vsync (49.7 kHz e)
[    31.960] (II) vmware(0): Modeline "1152x864"x75.0  108.00  1152 1216 1344 1600  864 865 868 900 +hsync +vsync (67.5 kHz e)
[    31.960] (II) vmware(0): Modeline "1280x768"x59.9   79.50  1280 1344 1472 1664  768 771 778 798 -hsync +vsync (47.8 kHz e)
[    31.960] (II) vmware(0): Modeline "1024x768"x60.0   65.00  1024 1048 1184 1344  768 771 777 806 -hsync -vsync (48.4 kHz e)
[    31.960] (II) vmware(0): Modeline "800x600"x60.3   40.00  800 840 968 1056  600 601 605 628 +hsync +vsync (37.9 kHz e)
[    31.960] (II) vmware(0): Modeline "640x480"x59.9   25.18  640 656 752 800  480 489 492 525 -hsync -vsync (31.5 kHz e)
[    31.961] (II) vmware(0): EDID for output Virtual2
[    31.961] (II) vmware(0): EDID for output Virtual3
[    31.961] (II) vmware(0): EDID for output Virtual4
[    31.961] (II) vmware(0): EDID for output Virtual5
[    31.961] (II) vmware(0): EDID for output Virtual6
[    31.961] (II) vmware(0): EDID for output Virtual7
[    31.961] (II) vmware(0): EDID for output Virtual8
[    31.961] (II) vmware(0): Output Virtual1 connected
[    31.961] (II) vmware(0): Output Virtual2 disconnected
[    31.961] (II) vmware(0): Output Virtual3 disconnected
[    31.961] (II) vmware(0): Output Virtual4 disconnected
[    31.961] (II) vmware(0): Output Virtual5 disconnected
[    31.961] (II) vmware(0): Output Virtual6 disconnected
[    31.961] (II) vmware(0): Output Virtual7 disconnected
[    31.961] (II) vmware(0): Output Virtual8 disconnected
[    31.961] (II) vmware(0): Using exact sizes for initial modes
[    31.961] (II) vmware(0): Output Virtual1 using initial mode 800x600 +0+0
[    31.961] (++) vmware(0): DPI set to (96, 96)
[    31.961] (==) vmware(0): Using gamma correction (1.0, 1.0, 1.0)
[    31.961] (II) Loading sub module "fb"
[    31.961] (II) LoadModule: "fb"
[    31.961] (II) Loading /usr/lib64/xorg/modules/libfb.so
[    31.962] (II) Module fb: vendor="X.Org Foundation"
[    31.962] 	compiled for 1.20.4, module version = 1.0.0
[    31.962] 	ABI class: X.Org ANSI C Emulation, version 0.4
[    31.962] (II) Loading sub module "dri2"
[    31.962] (II) LoadModule: "dri2"
[    31.962] (II) Module "dri2" already built-in
[    31.962] (II) UnloadModule: "modesetting"
[    31.962] (II) Unloading modesetting
[    31.962] (II) UnloadModule: "fbdev"
[    31.962] (II) Unloading fbdev
[    31.962] (II) UnloadSubModule: "fbdevhw"
[    31.962] (II) Unloading fbdevhw
[    31.962] (II) UnloadModule: "vesa"
[    31.962] (II) Unloading vesa
[    31.970] (II) vmware(0): Initialized VMWARE_CTRL extension version 0.2
[    31.975] (WW) vmware(0): Failed to initialize Gallium3D Xa. No render acceleration available.
[    31.975] (WW) vmware(0): Skipped initialization of direct rendering due to lack of render acceleration.
[    31.975] (--) vmware(0): Render acceleration is disabled.
[    31.975] (==) vmware(0): Rendercheck mode is disabled.
[    31.975] (--) vmware(0): Direct rendering (3D) is disabled.
[    31.975] (==) vmware(0): Backing store enabled
[    31.975] (==) vmware(0): Silken mouse enabled
[    31.975] (==) vmware(0): DPMS enabled
[    31.975] (II) vmware(0): No 3D acceleration. Not setting up textured video.
[    31.975] (WW) vmware(0): Disabling Xv because no adaptors could be initialized.
[    31.975] (II) Initializing extension Generic Event Extension
[    31.976] (II) Initializing extension SHAPE
[    31.976] (II) Initializing extension MIT-SHM
[    31.976] (II) Initializing extension XInputExtension
[    31.976] (II) Initializing extension XTEST
[    31.976] (II) Initializing extension BIG-REQUESTS
[    31.976] (II) Initializing extension SYNC
[    31.976] (II) Initializing extension XKEYBOARD
[    31.976] (II) Initializing extension XC-MISC
[    31.976] (II) Initializing extension SECURITY
[    31.976] (II) Initializing extension XFIXES
[    31.976] (II) Initializing extension RENDER
[    31.976] (II) Initializing extension RANDR
[    31.976] (II) Initializing extension COMPOSITE
[    31.976] (II) Initializing extension DAMAGE
[    31.976] (II) Initializing extension MIT-SCREEN-SAVER
[    31.976] (II) Initializing extension DOUBLE-BUFFER
[    31.976] (II) Initializing extension RECORD
[    31.976] (II) Initializing extension DPMS
[    31.976] (II) Initializing extension Present
[    31.976] (II) Initializing extension DRI3
[    31.976] (II) Initializing extension X-Resource
[    31.976] (II) Initializing extension XVideo
[    31.976] (II) Initializing extension XVideo-MotionCompensation
[    31.976] (II) Initializing extension SELinux
[    31.976] (II) SELinux: Disabled by boolean
[    31.976] (II) Initializing extension GLX
[    31.977] (II) AIGLX: Screen 0 is not DRI2 capable
[    32.340] (II) IGLX: Loaded and initialized swrast
[    32.340] (II) GLX: Initialized DRISWRAST GL provider for screen 0
[    32.340] (II) Initializing extension XFree86-VidModeExtension
[    32.340] (II) Initializing extension XFree86-DGA
[    32.340] (II) Initializing extension XFree86-DRI
[    32.341] (II) Initializing extension DRI2
[    32.342] (II) vmware(0): Setting screen physical size to 211 x 158
[    32.479] (II) config/udev: Adding input device Power Button (/dev/input/event0)
[    32.479] (**) Power Button: Applying InputClass "evdev keyboard catchall"
[    32.479] (II) LoadModule: "evdev"
[    32.479] (II) Loading /usr/lib64/xorg/modules/input/evdev_drv.so
[    32.479] (II) Module evdev: vendor="X.Org Foundation"
[    32.479] 	compiled for 1.20.1, module version = 2.10.6
[    32.479] 	Module class: X.Org XInput Driver
[    32.479] 	ABI class: X.Org XInput driver, version 24.1
[    32.479] (II) Using input driver 'evdev' for 'Power Button'
[    32.479] (**) Power Button: always reports core events
[    32.479] (**) evdev: Power Button: Device: "/dev/input/event0"
[    32.479] (--) evdev: Power Button: Vendor 0 Product 0x1
[    32.479] (--) evdev: Power Button: Found keys
[    32.479] (II) evdev: Power Button: Configuring as keyboard
[    32.479] (**) Option "config_info" "udev:/sys/devices/LNXSYSTM:00/LNXPWRBN:00/input/input0/event0"
[    32.479] (II) XINPUT: Adding extended input device "Power Button" (type: KEYBOARD, id 6)
[    32.479] (**) Option "xkb_rules" "evdev"
[    32.481] (II) config/udev: Adding input device Sleep Button (/dev/input/event1)
[    32.481] (**) Sleep Button: Applying InputClass "evdev keyboard catchall"
[    32.481] (II) Using input driver 'evdev' for 'Sleep Button'
[    32.481] (**) Sleep Button: always reports core events
[    32.481] (**) evdev: Sleep Button: Device: "/dev/input/event1"
[    32.481] (--) evdev: Sleep Button: Vendor 0 Product 0x3
[    32.481] (--) evdev: Sleep Button: Found keys
[    32.481] (II) evdev: Sleep Button: Configuring as keyboard
[    32.481] (**) Option "config_info" "udev:/sys/devices/LNXSYSTM:00/LNXSLPBN:00/input/input1/event1"
[    32.481] (II) XINPUT: Adding extended input device "Sleep Button" (type: KEYBOARD, id 7)
[    32.481] (**) Option "xkb_rules" "evdev"
[    32.481] (II) config/udev: Adding input device Video Bus (/dev/input/event5)
[    32.481] (**) Video Bus: Applying InputClass "evdev keyboard catchall"
[    32.481] (II) Using input driver 'evdev' for 'Video Bus'
[    32.481] (**) Video Bus: always reports core events
[    32.481] (**) evdev: Video Bus: Device: "/dev/input/event5"
[    32.481] (--) evdev: Video Bus: Vendor 0 Product 0x6
[    32.481] (--) evdev: Video Bus: Found keys
[    32.481] (II) evdev: Video Bus: Configuring as keyboard
[    32.481] (**) Option "config_info" "udev:/sys/devices/LNXSYSTM:00/device:00/PNP0A03:00/LNXVIDEO:00/input/input5/event5"
[    32.481] (II) XINPUT: Adding extended input device "Video Bus" (type: KEYBOARD, id 8)
[    32.481] (**) Option "xkb_rules" "evdev"
[    32.482] (II) config/udev: Adding input device VirtualBox USB Tablet (/dev/input/event4)
[    32.482] (**) VirtualBox USB Tablet: Applying InputClass "evdev pointer catchall"
[    32.482] (II) Using input driver 'evdev' for 'VirtualBox USB Tablet'
[    32.482] (**) VirtualBox USB Tablet: always reports core events
[    32.482] (**) evdev: VirtualBox USB Tablet: Device: "/dev/input/event4"
[    32.533] (--) evdev: VirtualBox USB Tablet: Vendor 0x80ee Product 0x21
[    32.533] (--) evdev: VirtualBox USB Tablet: Found 9 mouse buttons
[    32.533] (--) evdev: VirtualBox USB Tablet: Found scroll wheel(s)
[    32.533] (--) evdev: VirtualBox USB Tablet: Found relative axes
[    32.533] (--) evdev: VirtualBox USB Tablet: Found absolute axes
[    32.533] (--) evdev: VirtualBox USB Tablet: Found x and y absolute axes
[    32.533] (--) evdev: VirtualBox USB Tablet: Found absolute touchscreen
[    32.533] (II) evdev: VirtualBox USB Tablet: Configuring as touchscreen
[    32.534] (II) evdev: VirtualBox USB Tablet: Adding scrollwheel support
[    32.534] (**) evdev: VirtualBox USB Tablet: YAxisMapping: buttons 4 and 5
[    32.534] (**) evdev: VirtualBox USB Tablet: EmulateWheelButton: 4, EmulateWheelInertia: 10, EmulateWheelTimeout: 200
[    32.534] (**) Option "config_info" "udev:/sys/devices/pci0000:00/0000:00:06.0/usb1/1-1/1-1:1.0/input/input4/event4"
[    32.534] (II) XINPUT: Adding extended input device "VirtualBox USB Tablet" (type: TOUCHSCREEN, id 9)
[    32.534] (WW) evdev: VirtualBox USB Tablet: touchpads, tablets and touchscreens ignore relative axes.
[    32.534] (II) evdev: VirtualBox USB Tablet: initialized for absolute axes.
[    32.534] (**) VirtualBox USB Tablet: (accel) keeping acceleration scheme 1
[    32.534] (**) VirtualBox USB Tablet: (accel) acceleration profile 0
[    32.534] (**) VirtualBox USB Tablet: (accel) acceleration factor: 2.000
[    32.535] (**) VirtualBox USB Tablet: (accel) acceleration threshold: 4
[    32.536] (II) config/udev: Adding input device VirtualBox USB Tablet (/dev/input/js0)
[    32.536] (II) No input driver specified, ignoring this device.
[    32.536] (II) This device may have been added with another device file.
[    32.537] (II) config/udev: Adding input device VirtualBox USB Tablet (/dev/input/mouse1)
[    32.537] (II) No input driver specified, ignoring this device.
[    32.537] (II) This device may have been added with another device file.
[    32.538] (II) config/udev: Adding input device AT Translated Set 2 keyboard (/dev/input/event2)
[    32.538] (**) AT Translated Set 2 keyboard: Applying InputClass "evdev keyboard catchall"
[    32.539] (II) Using input driver 'evdev' for 'AT Translated Set 2 keyboard'
[    32.539] (**) AT Translated Set 2 keyboard: always reports core events
[    32.539] (**) evdev: AT Translated Set 2 keyboard: Device: "/dev/input/event2"
[    32.539] (--) evdev: AT Translated Set 2 keyboard: Vendor 0x1 Product 0x1
[    32.539] (--) evdev: AT Translated Set 2 keyboard: Found keys
[    32.539] (II) evdev: AT Translated Set 2 keyboard: Configuring as keyboard
[    32.539] (**) Option "config_info" "udev:/sys/devices/platform/i8042/serio0/input/input2/event2"
[    32.539] (II) XINPUT: Adding extended input device "AT Translated Set 2 keyboard" (type: KEYBOARD, id 10)
[    32.539] (**) Option "xkb_rules" "evdev"
[    32.541] (II) config/udev: Adding input device ImExPS/2 Generic Explorer Mouse (/dev/input/event3)
[    32.541] (**) ImExPS/2 Generic Explorer Mouse: Applying InputClass "evdev pointer catchall"
[    32.541] (II) Using input driver 'evdev' for 'ImExPS/2 Generic Explorer Mouse'
[    32.541] (**) ImExPS/2 Generic Explorer Mouse: always reports core events
[    32.541] (**) evdev: ImExPS/2 Generic Explorer Mouse: Device: "/dev/input/event3"
[    32.541] (--) evdev: ImExPS/2 Generic Explorer Mouse: Vendor 0x2 Product 0x6
[    32.541] (--) evdev: ImExPS/2 Generic Explorer Mouse: Found 9 mouse buttons
[    32.541] (--) evdev: ImExPS/2 Generic Explorer Mouse: Found scroll wheel(s)
[    32.541] (--) evdev: ImExPS/2 Generic Explorer Mouse: Found relative axes
[    32.541] (--) evdev: ImExPS/2 Generic Explorer Mouse: Found x and y relative axes
[    32.541] (II) evdev: ImExPS/2 Generic Explorer Mouse: Configuring as mouse
[    32.541] (II) evdev: ImExPS/2 Generic Explorer Mouse: Adding scrollwheel support
[    32.541] (**) evdev: ImExPS/2 Generic Explorer Mouse: YAxisMapping: buttons 4 and 5
[    32.541] (**) evdev: ImExPS/2 Generic Explorer Mouse: EmulateWheelButton: 4, EmulateWheelInertia: 10, EmulateWheelTimeout: 200
[    32.541] (**) Option "config_info" "udev:/sys/devices/platform/i8042/serio1/input/input3/event3"
[    32.541] (II) XINPUT: Adding extended input device "ImExPS/2 Generic Explorer Mouse" (type: MOUSE, id 11)
[    32.541] (II) evdev: ImExPS/2 Generic Explorer Mouse: initialized for relative axes.
[    32.542] (**) ImExPS/2 Generic Explorer Mouse: (accel) keeping acceleration scheme 1
[    32.542] (**) ImExPS/2 Generic Explorer Mouse: (accel) acceleration profile 0
[    32.542] (**) ImExPS/2 Generic Explorer Mouse: (accel) acceleration factor: 2.000
[    32.542] (**) ImExPS/2 Generic Explorer Mouse: (accel) acceleration threshold: 4
[    32.543] (II) config/udev: Adding input device ImExPS/2 Generic Explorer Mouse (/dev/input/mouse0)
[    32.543] (II) No input driver specified, ignoring this device.
[    32.543] (II) This device may have been added with another device file.
[    32.544] (II) config/udev: Adding input device PC Speaker (/dev/input/event6)
[    32.544] (II) No input driver specified, ignoring this device.
[    32.544] (II) This device may have been added with another device file.
